Build started 2/22/2012 12:15:20 AM.
     1>Project "C:\Users\Wack\Desktop\Ace Tres Finalx\Ace Tres.vcxproj" on node 2 (build target(s)).
     1>InitializeBuildStatus:
         Creating "Release\Ace Tres.unsuccessfulbuild" because "AlwaysCreate" was specified.
       ClCompile:
         c:\Program Files\Microsoft Visual Studio 10.0\VC\bin\CL.exe /c /Zi /nologo /W3 /WX- /O2 /Oy- /D WIN32 /D NDEBUG /D _WINDOWS /Gm- /EHsc /MD /GS /fp:precise /Zc:wchar_t /Zc:forScope /Fo"Release\\" /Fd"Release\vc100.pdb" /Gd /TP /analyze- /errorReport:prompt MyGame.cpp
         MyGame.cpp
     1>MyGame.cpp(1317): warning C4244: 'initializing' : conversion from 'double' to 'long', possible loss of data
     1>MyGame.cpp(1320): warning C4244: 'initializing' : conversion from 'double' to 'long', possible loss of data
       ManifestResourceCompile:
         All outputs are up-to-date.
       Link:
         c:\Program Files\Microsoft Visual Studio 10.0\VC\bin\link.exe /ERRORREPORT:PROMPT /OUT:"C:\Users\Wack\Desktop\Ace Tres Finalx\Release\Ace Tres.exe" /INCREMENTAL /NOLOGO kernel32.lib user32.lib gdi32.lib winspool.lib comdlg32.lib advapi32.lib shell32.lib ole32.lib oleaut32.lib uuid.lib odbc32.lib odbccp32.lib /MANIFEST /ManifestFile:"Release\Ace Tres.exe.intermediate.manifest" /MANIFESTUAC:"level='asInvoker' uiAccess='false'" /DEBUG /PDB:"C:\Users\Wack\Desktop\Ace Tres Finalx\Release\Ace Tres.pdb" /SUBSYSTEM:WINDOWS /OPT:REF /OPT:ICF /TLBID:1 /DYNAMICBASE /NXCOMPAT /IMPLIB:"C:\Users\Wack\Desktop\Ace Tres Finalx\Release\Ace Tres.lib" /MACHINE:X86 "Release\Ace Tres.exe.embed.manifest.res"
         Release\ApeBoss.obj
         Release\Chameleon.obj
         Release\Credits.obj
         Release\Croctopus.obj
         Release\Decapede.obj
         Release\DirectSound.obj
         Release\DrillBee.obj
         Release\Enemy.obj
         Release\EnemyHandler.obj
         Release\LightningBee.obj
         Release\LyricsHandler.obj
         Release\MyDirectX.obj
         Release\MyGame.obj
         Release\MyMesh.obj
         Release\MyWindows.obj
         Release\particlesystem.obj
         Release\Platform.obj
         Release\PlatformHandler.obj
         Release\Powerup.obj
         Release\PowerupHolder.obj
         Release\ProjectileApe.obj
         Release\QueenBee.obj
         Release\Reyk.obj
         Release\SmallApe.obj
         Release\SongPlayer.obj
         Release\TankBee.obj
         Release\XBoss.obj
     1>LINK : warning LNK4075: ignoring '/INCREMENTAL' due to '/OPT:ICF' specification
       Manifest:
         C:\Program Files\Microsoft SDKs\Windows\v7.0A\bin\mt.exe /nologo /verbose /out:"Release\Ace Tres.exe.embed.manifest" /manifest "Release\Ace Tres.exe.intermediate.manifest"
         All outputs are up-to-date.
       LinkEmbedManifest:
         All outputs are up-to-date.
         Ace Tres.vcxproj -> C:\Users\Wack\Desktop\Ace Tres Finalx\Release\Ace Tres.exe
       FinalizeBuildStatus:
         Deleting file "Release\Ace Tres.unsuccessfulbuild".
         Touching "Release\Ace Tres.lastbuildstate".
     1>Done Building Project "C:\Users\Wack\Desktop\Ace Tres Finalx\Ace Tres.vcxproj" (build target(s)).

Build succeeded.

Time Elapsed 00:00:01.86
